<?xml version="1.0" encoding="UTF-8"?>
<coverage generated="1697124708837" clover="3.2.0">
  <project timestamp="1697124708837" name="All files">
    <metrics statements="31" coveredstatements="31" conditionals="6" coveredconditionals="6" methods="10" coveredmethods="10" elements="47" coveredelements="47" complexity="0" loc="31" ncloc="31" packages="1" files="5" classes="5"/>
    <file name="async.js" path="C:\Node\unit-test\src\async.js">
      <metrics statements="6" coveredstatements="6" conditionals="2" coveredconditionals="2" methods="3" coveredmethods="3"/>
      <line num="1" count="2" type="stmt"/>
      <line num="2" count="8" type="stmt"/>
      <line num="3" count="8" type="stmt"/>
      <line num="4" count="8" type="cond" truecount="2" falsecount="0"/>
      <line num="5" count="7" type="stmt"/>
      <line num="7" count="1" type="stmt"/>
    </file>
    <file name="exception.js" path="C:\Node\unit-test\src\exception.js">
      <metrics statements="4" coveredstatements="4" conditionals="2" coveredconditionals="2" methods="1" coveredmethods="1"/>
      <line num="5" count="1" type="stmt"/>
      <line num="6" count="4" type="cond" truecount="2" falsecount="0"/>
      <line num="7" count="3" type="stmt"/>
      <line num="9" count="1" type="stmt"/>
    </file>
    <file name="index.js" path="C:\Node\unit-test\src\index.js">
      <metrics statements="0" coveredstatements="0" conditionals="0" coveredconditionals="0" methods="0" coveredmethods="0"/>
    </file>
    <file name="sayHello.js" path="C:\Node\unit-test\src\sayHello.js">
      <metrics statements="4" coveredstatements="4" conditionals="2" coveredconditionals="2" methods="1" coveredmethods="1"/>
      <line num="1" count="1" type="stmt"/>
      <line num="2" count="2" type="cond" truecount="2" falsecount="0"/>
      <line num="3" count="1" type="stmt"/>
      <line num="5" count="1" type="stmt"/>
    </file>
    <file name="sum.js" path="C:\Node\unit-test\src\sum.js">
      <metrics statements="17" coveredstatements="17" conditionals="0" coveredconditionals="0" methods="5" coveredmethods="5"/>
      <line num="1" count="5" type="stmt"/>
      <line num="2" count="5" type="stmt"/>
      <line num="5" count="5" type="stmt"/>
      <line num="6" count="10" type="stmt"/>
      <line num="8" count="10" type="stmt"/>
      <line num="9" count="23" type="stmt"/>
      <line num="12" count="10" type="stmt"/>
      <line num="15" count="5" type="stmt"/>
      <line num="16" count="4" type="stmt"/>
      <line num="17" count="4" type="stmt"/>
      <line num="18" count="17" type="stmt"/>
      <line num="20" count="4" type="stmt"/>
      <line num="23" count="5" type="stmt"/>
      <line num="24" count="4" type="stmt"/>
      <line num="25" count="4" type="stmt"/>
      <line num="26" count="14" type="stmt"/>
      <line num="28" count="4" type="stmt"/>
    </file>
  </project>
</coverage>
