TN:
SF:src\async.js
FN:1,(anonymous_0)
FN:2,(anonymous_1)
FN:3,(anonymous_2)
FNF:3
FNH:3
FNDA:8,(anonymous_0)
FNDA:8,(anonymous_1)
FNDA:8,(anonymous_2)
DA:1,2
DA:2,8
DA:3,8
DA:4,8
DA:5,7
DA:7,1
LF:6
LH:6
BRDA:4,0,0,7
BRDA:4,0,1,1
BRF:2
BRH:2
end_of_record
TN:
SF:src\exception.js
FN:5,(anonymous_0)
FNF:1
FNH:1
FNDA:4,(anonymous_0)
DA:5,1
DA:6,4
DA:7,3
DA:9,1
LF:4
LH:4
BRDA:6,0,0,3
BRDA:6,0,1,1
BRF:2
BRH:2
end_of_record
TN:
SF:src\index.js
FNF:0
FNH:0
LF:0
LH:0
BRF:0
BRH:0
end_of_record
TN:
SF:src\sayHello.js
FN:1,(anonymous_0)
FNF:1
FNH:1
FNDA:2,(anonymous_0)
DA:1,1
DA:2,2
DA:3,1
DA:5,1
LF:4
LH:4
BRDA:2,0,0,1
BRDA:2,0,1,1
BRF:2
BRH:2
end_of_record
TN:
SF:src\sum.js
FN:1,(anonymous_0)
FN:5,(anonymous_1)
FN:8,(anonymous_2)
FN:15,(anonymous_3)
FN:23,(anonymous_4)
FNF:5
FNH:5
FNDA:5,(anonymous_0)
FNDA:10,(anonymous_1)
FNDA:23,(anonymous_2)
FNDA:4,(anonymous_3)
FNDA:4,(anonymous_4)
DA:1,5
DA:2,5
DA:5,5
DA:6,10
DA:8,10
DA:9,23
DA:12,10
DA:15,5
DA:16,4
DA:17,4
DA:18,17
DA:20,4
DA:23,5
DA:24,4
DA:25,4
DA:26,14
DA:28,4
LF:17
LH:17
BRF:0
BRH:0
end_of_record
